  DSA Homework 3.cpp
  The contents of <concepts> are available only with C++20 concepts support.
C:\Users\Пользователь\source\repos\DSA Homework 3\DSA Homework 3.cpp(219,23): warning C4018: <: несоответствие типов со знаком и без знака
C:\Users\Пользователь\source\repos\DSA Homework 3\DSA Homework 3.cpp(220,27): warning C4018: <: несоответствие типов со знаком и без знака
C:\Users\Пользователь\source\repos\DSA Homework 3\DSA Homework 3.cpp(198,27): warning C4018: <: несоответствие типов со знаком и без знака
C:\Users\Пользователь\source\repos\DSA Homework 3\DSA Homework 3.cpp(186): message : во время компиляции функции-члена класс шаблон "void AdjacencyMatrixGraph<char,int>::removeVertex(Vertex<V> *)"
          with
          [
              V=char
          ]
C:\Users\Пользователь\source\repos\DSA Homework 3\DSA Homework 3.cpp(247): message : выполняется компиляция ссылки на экземпляр шаблон функции "void AdjacencyMatrixGraph<char,int>::removeVertex(Vertex<V> *)"
          with
          [
              V=char
          ]
C:\Users\Пользователь\source\repos\DSA Homework 3\DSA Homework 3.cpp(219): message : выполняется компиляция ссылки на экземпляр класс шаблон функции "AdjacencyMatrixGraph<char,int>"
C:\Users\Пользователь\source\repos\DSA Homework 3\DSA Homework 3.cpp(205,27): warning C4018: <: несоответствие типов со знаком и без знака
C:\Users\Пользователь\source\repos\DSA Homework 3\DSA Homework 3.cpp(124,31): warning C4018: <: несоответствие типов со знаком и без знака
C:\Users\Пользователь\source\repos\DSA Homework 3\DSA Homework 3.cpp(103): message : во время компиляции функции-члена класс шаблон "Vertex<V> *AdjacencyMatrixGraph<V,int>::addVertex(V)"
          with
          [
              V=char
          ]
C:\Users\Пользователь\source\repos\DSA Homework 3\DSA Homework 3.cpp(234): message : выполняется компиляция ссылки на экземпляр шаблон функции "Vertex<V> *AdjacencyMatrixGraph<V,int>::addVertex(V)"
          with
          [
              V=char
          ]
C:\Users\Пользователь\source\repos\DSA Homework 3\DSA Homework 3.cpp(129,31): warning C4018: <: несоответствие типов со знаком и без знака
  DSA Homework 3.vcxproj -> C:\Users\Пользователь\source\repos\DSA Homework 3\Debug\DSA Homework 3.exe
